<?xml version="1.0" encoding="utf-8" standalone="yes"?><Layout layout="test" modulePackage="com.example.smartdoctor" filePath="app\src\main\res\layout\test.xml" directory="layout" isMerge="false" isBindingData="false" rootNodeType="android.widget.LinearLayout"><Targets><Target tag="layout/test_0" view="LinearLayout"><Expressions/><location startLine="1" startOffset="0" endLine="114" endOffset="14"/></Target><Target id="@+id/edtUserName" view="EditText"><Expressions/><location startLine="20" startOffset="12" endLine="32" endOffset="39"/></Target><Target id="@+id/edtFullName" view="EditText"><Expressions/><location startLine="33" startOffset="12" endLine="45" endOffset="39"/></Target><Target id="@+id/edtAge" view="EditText"><Expressions/><location startLine="46" startOffset="12" endLine="58" endOffset="39"/></Target><Target id="@+id/edtPassword1" view="EditText"><Expressions/><location startLine="60" startOffset="12" endLine="73" endOffset="39"/></Target><Target id="@+id/edtPassword2" view="EditText"><Expressions/><location startLine="75" startOffset="12" endLine="88" endOffset="39"/></Target><Target id="@+id/loginBtn" view="androidx.appcompat.widget.AppCompatButton"><Expressions/><location startLine="100" startOffset="8" endLine="111" endOffset="37"/></Target></Targets></Layout>